0 verbose cli /usr/local/bin/node /usr/local/bin/npm
1 info using npm@9.6.7
2 info using node@v18.17.0
3 timing npm:load:whichnode Completed in 2ms
4 timing config:load:defaults Completed in 2ms
5 timing config:load:file:/usr/local/lib/node_modules/npm/npmrc Completed in 0ms
6 timing config:load:builtin Completed in 0ms
7 warn config production Use `--omit=dev` instead.
8 timing config:load:cli Completed in 3ms
9 timing config:load:env Completed in 0ms
10 timing config:load:project Completed in 1ms
11 timing config:load:file:/home/container/.npmrc Completed in 0ms
12 timing config:load:user Completed in 0ms
13 timing config:load:file:/usr/local/etc/npmrc Completed in 1ms
14 timing config:load:global Completed in 1ms
15 timing config:load:setEnvs Completed in 1ms
16 timing config:load Completed in 10ms
17 timing npm:load:configload Completed in 10ms
18 timing npm:load:mkdirpcache Completed in 0ms
19 timing npm:load:mkdirplogs Completed in 1ms
20 verbose title npm install
21 verbose argv "install" "--save" "--production"
22 timing npm:load:setTitle Completed in 1ms
23 timing config:load:flatten Completed in 4ms
24 timing npm:load:display Completed in 6ms
25 verbose logfile logs-max:10 dir:/home/container/.npm/_logs/2024-09-07T18_01_25_329Z-
26 verbose logfile /home/container/.npm/_logs/2024-09-07T18_01_25_329Z-debug-0.log
27 timing npm:load:logFile Completed in 10ms
28 timing npm:load:timers Completed in 0ms
29 timing npm:load:configScope Completed in 0ms
30 timing npm:load Completed in 31ms
31 timing arborist:ctor Completed in 0ms
32 silly logfile done cleaning log files
33 timing idealTree:init Completed in 49ms
34 timing idealTree:userRequests Completed in 0ms
35 silly idealTree buildDeps
36 timing idealTree:#root Completed in 0ms
37 timing idealTree:buildDeps Completed in 2ms
38 timing idealTree:fixDepFlags Completed in 0ms
39 timing idealTree Completed in 53ms
40 timing arborist:ctor Completed in 0ms
41 timing reify:loadTrees Completed in 67ms
42 timing reify:diffTrees Completed in 2ms
43 silly reify moves {}
44 timing reify:retireShallow Completed in 1ms
45 timing reify:createSparse Completed in 0ms
46 timing reify:trashOmits Completed in 0ms
47 timing reify:loadBundles Completed in 0ms
48 silly audit bulk request {
48 silly audit   '@discordjs/builders': [ '1.9.0' ],
48 silly audit   '@discordjs/collection': [ '1.5.3', '2.1.1' ],
48 silly audit   '@discordjs/formatters': [ '0.5.0' ],
48 silly audit   '@discordjs/rest': [ '2.4.0' ],
48 silly audit   '@discordjs/util': [ '1.1.1' ],
48 silly audit   '@discordjs/ws': [ '1.1.1' ],
48 silly audit   'discord-api-types': [ '0.37.83', '0.37.97' ],
48 silly audit   '@sapphire/async-queue': [ '1.5.3' ],
48 silly audit   '@sapphire/shapeshift': [ '4.0.0' ],
48 silly audit   '@sapphire/snowflake': [ '3.5.3' ],
48 silly audit   '@types/node': [ '22.5.4' ],
48 silly audit   '@types/ws': [ '8.5.12' ],
48 silly audit   '@vladfrangu/async_event_emitter': [ '2.4.6' ],
48 silly audit   'discord.js': [ '14.16.1' ],
48 silly audit   'fast-deep-equal': [ '3.1.3' ],
48 silly audit   lodash: [ '4.17.21' ],
48 silly audit   'lodash.snakecase': [ '4.1.1' ],
48 silly audit   'magic-bytes.js': [ '1.10.0' ],
48 silly audit   'ts-mixer': [ '6.0.4' ],
48 silly audit   tslib: [ '2.7.0' ],
48 silly audit   undici: [ '6.19.8' ],
48 silly audit   'undici-types': [ '6.19.8' ],
48 silly audit   ws: [ '8.18.0' ]
48 silly audit }
49 timing reify:unpack Completed in 3ms
50 timing reify:unretire Completed in 0ms
51 timing build:queue Completed in 0ms
52 timing build:deps Completed in 0ms
53 timing build Completed in 0ms
54 timing reify:build Completed in 1ms
55 timing reify:trash Completed in 0ms
56 timing reify:save Completed in 16ms
57 http fetch POST 200 https://registry.npmjs.org/-/npm/v1/security/advisories/bulk 269ms
58 timing auditReport:getReport Completed in 272ms
59 silly audit report {}
60 timing auditReport:init Completed in 0ms
61 timing reify:audit Completed in 273ms
62 timing reify Completed in 350ms
63 timing command:install Completed in 359ms
64 verbose exit 0
65 timing npm Completed in 609ms
66 info ok
