0 verbose cli /usr/local/bin/node /usr/local/bin/npm
1 info using npm@9.8.1
2 info using node@v18.20.4
3 timing npm:load:whichnode Completed in 56ms
4 timing config:load:defaults Completed in 4ms
5 timing config:load:file:/usr/local/lib/node_modules/npm/npmrc Completed in 1ms
6 timing config:load:builtin Completed in 1ms
7 timing config:load:cli Completed in 5ms
8 timing config:load:env Completed in 1ms
9 timing config:load:project Completed in 2ms
10 timing config:load:file:/home/container/.npmrc Completed in 0ms
11 timing config:load:user Completed in 0ms
12 timing config:load:file:/usr/local/etc/npmrc Completed in 0ms
13 timing config:load:global Completed in 0ms
14 timing config:load:setEnvs Completed in 2ms
15 timing config:load Completed in 17ms
16 timing npm:load:configload Completed in 19ms
17 timing config:load:flatten Completed in 6ms
18 timing npm:load:mkdirpcache Completed in 0ms
19 timing npm:load:mkdirplogs Completed in 1ms
20 verbose title npm install
21 verbose argv "install"
22 timing npm:load:setTitle Completed in 1ms
23 timing npm:load:display Completed in 1ms
24 verbose logfile logs-max:10 dir:/home/container/.npm/_logs/2024-10-11T15_24_40_625Z-
25 verbose logfile /home/container/.npm/_logs/2024-10-11T15_24_40_625Z-debug-0.log
26 timing npm:load:logFile Completed in 22ms
27 timing npm:load:timers Completed in 0ms
28 timing npm:load:configScope Completed in 0ms
29 timing npm:load Completed in 151ms
30 timing arborist:ctor Completed in 1ms
31 silly logfile start cleaning logs, removing 1 files
32 silly logfile done cleaning log files
33 timing idealTree:init Completed in 129ms
34 timing idealTree:userRequests Completed in 0ms
35 silly idealTree buildDeps
36 timing idealTree:#root Completed in 1ms
37 timing idealTree:buildDeps Completed in 1ms
38 timing idealTree:fixDepFlags Completed in 1ms
39 timing idealTree Completed in 136ms
40 timing arborist:ctor Completed in 0ms
41 timing reify:loadTrees Completed in 202ms
42 timing reify:diffTrees Completed in 6ms
43 silly reify moves {}
44 timing reify:retireShallow Completed in 2ms
45 timing reify:createSparse Completed in 0ms
46 timing reify:loadBundles Completed in 0ms
47 silly audit bulk request {
47 silly audit   '@discordjs/builders': [ '1.9.0' ],
47 silly audit   '@discordjs/collection': [ '1.5.3', '2.1.1' ],
47 silly audit   '@discordjs/formatters': [ '0.5.0' ],
47 silly audit   '@discordjs/rest': [ '2.4.0' ],
47 silly audit   '@discordjs/util': [ '1.1.1' ],
47 silly audit   '@discordjs/ws': [ '1.1.1' ],
47 silly audit   'discord-api-types': [ '0.37.83', '0.37.97' ],
47 silly audit   '@sapphire/async-queue': [ '1.5.3' ],
47 silly audit   '@sapphire/shapeshift': [ '4.0.0' ],
47 silly audit   '@sapphire/snowflake': [ '3.5.3' ],
47 silly audit   '@types/node': [ '22.5.4' ],
47 silly audit   '@types/ws': [ '8.5.12' ],
47 silly audit   '@vladfrangu/async_event_emitter': [ '2.4.6' ],
47 silly audit   'discord.js': [ '14.16.1' ],
47 silly audit   'fast-deep-equal': [ '3.1.3' ],
47 silly audit   lodash: [ '4.17.21' ],
47 silly audit   'lodash.snakecase': [ '4.1.1' ],
47 silly audit   'magic-bytes.js': [ '1.10.0' ],
47 silly audit   'ts-mixer': [ '6.0.4' ],
47 silly audit   tslib: [ '2.7.0' ],
47 silly audit   undici: [ '6.19.8' ],
47 silly audit   'undici-types': [ '6.19.8' ],
47 silly audit   ws: [ '8.18.0' ]
47 silly audit }
48 timing reify:unpack Completed in 5ms
49 timing reify:unretire Completed in 0ms
50 timing build:queue Completed in 0ms
51 timing build:deps Completed in 1ms
52 timing build Completed in 2ms
53 timing reify:build Completed in 2ms
54 timing reify:trash Completed in 0ms
55 timing reify:save Completed in 42ms
56 http fetch POST 200 https://registry.npmjs.org/-/npm/v1/security/advisories/bulk 455ms
57 timing auditReport:getReport Completed in 464ms
58 silly audit report {}
59 timing auditReport:init Completed in 0ms
60 timing reify:audit Completed in 466ms
61 timing reify Completed in 693ms
62 timing command:install Completed in 718ms
63 verbose exit 0
64 timing npm Completed in 1487ms
65 info ok
