0 verbose cli /usr/local/bin/node /usr/local/bin/npm
1 info using npm@9.6.7
2 info using node@v18.17.0
3 timing npm:load:whichnode Completed in 2ms
4 timing config:load:defaults Completed in 1ms
5 timing config:load:file:/usr/local/lib/node_modules/npm/npmrc Completed in 1ms
6 timing config:load:builtin Completed in 1ms
7 warn config production Use `--omit=dev` instead.
8 timing config:load:cli Completed in 2ms
9 timing config:load:env Completed in 0ms
10 timing config:load:project Completed in 0ms
11 timing config:load:file:/home/container/.npmrc Completed in 0ms
12 timing config:load:user Completed in 1ms
13 timing config:load:file:/usr/local/etc/npmrc Completed in 0ms
14 timing config:load:global Completed in 0ms
15 timing config:load:setEnvs Completed in 1ms
16 timing config:load Completed in 7ms
17 timing npm:load:configload Completed in 7ms
18 timing npm:load:mkdirpcache Completed in 0ms
19 timing npm:load:mkdirplogs Completed in 0ms
20 verbose title npm install
21 verbose argv "install" "--save" "--production"
22 timing npm:load:setTitle Completed in 1ms
23 timing config:load:flatten Completed in 2ms
24 timing npm:load:display Completed in 4ms
25 verbose logfile logs-max:10 dir:/home/container/.npm/_logs/2024-09-07T17_47_34_817Z-
26 verbose logfile /home/container/.npm/_logs/2024-09-07T17_47_34_817Z-debug-0.log
27 timing npm:load:logFile Completed in 9ms
28 timing npm:load:timers Completed in 0ms
29 timing npm:load:configScope Completed in 1ms
30 timing npm:load Completed in 25ms
31 timing arborist:ctor Completed in 1ms
32 silly logfile done cleaning log files
33 timing idealTree:init Completed in 18ms
34 timing idealTree:userRequests Completed in 0ms
35 silly idealTree buildDeps
36 silly fetch manifest discord.js@^14.0.0
37 http fetch GET 200 https://registry.npmjs.org/npm 212ms (cache miss)
38 http fetch GET 200 https://registry.npmjs.org/discord.js 202ms (cache miss)
39 silly placeDep ROOT discord.js@14.16.1 OK for:  want: ^14.0.0
40 silly fetch manifest tslib@^2.6.3
41 silly fetch manifest undici@6.19.8
42 silly fetch manifest @discordjs/ws@1.1.1
43 silly fetch manifest @discordjs/rest@^2.4.0
44 silly fetch manifest @discordjs/util@^1.1.1
45 silly fetch manifest fast-deep-equal@3.1.3
46 silly fetch manifest lodash.snakecase@4.1.1
47 silly fetch manifest discord-api-types@0.37.97
48 silly fetch manifest @discordjs/builders@^1.9.0
49 silly fetch manifest @sapphire/snowflake@3.5.3
50 silly fetch manifest @discordjs/collection@1.5.3
51 silly fetch manifest @discordjs/formatters@^0.5.0
52 http fetch GET 200 https://registry.npmjs.org/tslib 75ms (cache miss)
53 http fetch GET 200 https://registry.npmjs.org/undici 85ms (cache miss)
54 http fetch GET 200 https://registry.npmjs.org/lodash.snakecase 92ms (cache miss)
55 http fetch GET 200 https://registry.npmjs.org/fast-deep-equal 219ms (cache miss)
56 http fetch GET 200 https://registry.npmjs.org/discord-api-types 346ms (cache miss)
57 http fetch GET 200 https://registry.npmjs.org/@discordjs%2fformatters 410ms (cache miss)
58 http fetch GET 200 https://registry.npmjs.org/@sapphire%2fsnowflake 434ms (cache miss)
59 http fetch GET 200 https://registry.npmjs.org/@discordjs%2futil 444ms (cache miss)
60 http fetch GET 200 https://registry.npmjs.org/@discordjs%2fcollection 453ms (cache miss)
61 http fetch GET 200 https://registry.npmjs.org/@discordjs%2fws 473ms (cache miss)
62 http fetch GET 200 https://registry.npmjs.org/@discordjs%2fbuilders 481ms (cache miss)
63 http fetch GET 200 https://registry.npmjs.org/@discordjs%2frest 1229ms (cache miss)
64 timing idealTree:#root Completed in 1497ms
65 silly placeDep ROOT @discordjs/builders@1.9.0 OK for: discord.js@14.16.1 want: ^1.9.0
66 silly fetch manifest ts-mixer@^6.0.4
67 silly fetch manifest fast-deep-equal@^3.1.3
68 silly fetch manifest @sapphire/shapeshift@^4.0.0
69 silly placeDep ROOT @discordjs/collection@1.5.3 OK for: discord.js@14.16.1 want: 1.5.3
70 silly placeDep ROOT @discordjs/formatters@0.5.0 OK for: discord.js@14.16.1 want: ^0.5.0
71 silly placeDep ROOT @discordjs/rest@2.4.0 OK for: discord.js@14.16.1 want: ^2.4.0
72 silly fetch manifest magic-bytes.js@^1.10.0
73 silly fetch manifest @sapphire/snowflake@^3.5.3
74 silly fetch manifest @discordjs/collection@^2.1.1
75 silly fetch manifest @sapphire/async-queue@^1.5.3
76 silly fetch manifest @vladfrangu/async_event_emitter@^2.4.6
77 silly placeDep ROOT @discordjs/util@1.1.1 OK for: discord.js@14.16.1 want: ^1.1.1
78 silly placeDep ROOT @discordjs/ws@1.1.1 OK for: discord.js@14.16.1 want: 1.1.1
79 silly fetch manifest ws@^8.16.0
80 silly fetch manifest tslib@^2.6.2
81 silly fetch manifest @types/ws@^8.5.10
82 silly fetch manifest discord-api-types@0.37.83
83 silly fetch manifest @discordjs/collection@^2.1.0
84 silly fetch manifest @sapphire/async-queue@^1.5.2
85 silly fetch manifest @vladfrangu/async_event_emitter@^2.2.4
86 silly placeDep ROOT @sapphire/snowflake@3.5.3 OK for: discord.js@14.16.1 want: 3.5.3
87 silly placeDep ROOT discord-api-types@0.37.97 OK for: discord.js@14.16.1 want: 0.37.97
88 silly placeDep ROOT fast-deep-equal@3.1.3 OK for: discord.js@14.16.1 want: 3.1.3
89 silly placeDep ROOT lodash.snakecase@4.1.1 OK for: discord.js@14.16.1 want: 4.1.1
90 silly placeDep ROOT tslib@2.7.0 OK for: discord.js@14.16.1 want: ^2.6.3
91 silly placeDep ROOT undici@6.19.8 OK for: discord.js@14.16.1 want: 6.19.8
92 http fetch GET 200 https://registry.npmjs.org/magic-bytes.js 60ms (cache miss)
93 http fetch GET 200 https://registry.npmjs.org/ws 63ms (cache miss)
94 http fetch GET 200 https://registry.npmjs.org/ts-mixer 124ms (cache miss)
95 http fetch GET 200 https://registry.npmjs.org/@vladfrangu%2fasync_event_emitter 113ms (cache miss)
96 http fetch GET 200 https://registry.npmjs.org/@vladfrangu%2fasync_event_emitter 112ms (cache miss)
97 http fetch GET 200 https://registry.npmjs.org/@sapphire%2fshapeshift 183ms (cache miss)
98 http fetch GET 200 https://registry.npmjs.org/@sapphire%2fasync-queue 167ms (cache miss)
99 http fetch GET 200 https://registry.npmjs.org/@sapphire%2fasync-queue 194ms (cache miss)
100 http fetch GET 200 https://registry.npmjs.org/@types%2fws 566ms (cache miss)
101 timing idealTree:node_modules/discord.js Completed in 632ms
102 silly placeDep ROOT @sapphire/shapeshift@4.0.0 OK for: @discordjs/builders@1.9.0 want: ^4.0.0
103 silly fetch manifest lodash@^4.17.21
104 silly placeDep ROOT ts-mixer@6.0.4 OK for: @discordjs/builders@1.9.0 want: ^6.0.4
105 http fetch GET 200 https://registry.npmjs.org/lodash 32ms (cache miss)
106 timing idealTree:node_modules/@discordjs/builders Completed in 36ms
107 timing idealTree:node_modules/@discordjs/collection Completed in 0ms
108 timing idealTree:node_modules/@discordjs/formatters Completed in 0ms
109 silly placeDep node_modules/@discordjs/rest @discordjs/collection@2.1.1 OK for: @discordjs/rest@2.4.0 want: ^2.1.1
110 silly placeDep ROOT @sapphire/async-queue@1.5.3 OK for: @discordjs/rest@2.4.0 want: ^1.5.3
111 silly placeDep ROOT @vladfrangu/async_event_emitter@2.4.6 OK for: @discordjs/rest@2.4.0 want: ^2.4.6
112 silly placeDep ROOT magic-bytes.js@1.10.0 OK for: @discordjs/rest@2.4.0 want: ^1.10.0
113 timing idealTree:node_modules/@discordjs/rest Completed in 5ms
114 timing idealTree:node_modules/@discordjs/util Completed in 0ms
115 silly fetch manifest bufferutil@^4.0.1
116 http fetch GET 200 https://registry.npmjs.org/bufferutil 30ms (cache miss)
117 silly fetch manifest utf-8-validate@>=5.0.2
118 http fetch GET 200 https://registry.npmjs.org/utf-8-validate 38ms (cache miss)
119 silly placeDep node_modules/@discordjs/ws @discordjs/collection@2.1.1 OK for: @discordjs/ws@1.1.1 want: ^2.1.0
120 silly placeDep ROOT @types/ws@8.5.12 OK for: @discordjs/ws@1.1.1 want: ^8.5.10
121 silly fetch manifest @types/node@*
122 silly placeDep node_modules/@discordjs/ws discord-api-types@0.37.83 OK for: @discordjs/ws@1.1.1 want: 0.37.83
123 silly placeDep ROOT ws@8.18.0 OK for: @discordjs/ws@1.1.1 want: ^8.16.0
124 http fetch GET 200 https://registry.npmjs.org/@types%2fnode 100ms (cache miss)
125 timing idealTree:node_modules/@discordjs/ws Completed in 189ms
126 timing idealTree:node_modules/@sapphire/async-queue Completed in 0ms
127 silly placeDep ROOT lodash@4.17.21 OK for: @sapphire/shapeshift@4.0.0 want: ^4.17.21
128 timing idealTree:node_modules/@sapphire/shapeshift Completed in 2ms
129 timing idealTree:node_modules/@sapphire/snowflake Completed in 0ms
130 silly placeDep ROOT @types/node@22.5.4 OK for: @types/ws@8.5.12 want: *
131 silly fetch manifest undici-types@~6.19.2
132 http fetch GET 200 https://registry.npmjs.org/undici-types 33ms (cache miss)
133 timing idealTree:node_modules/@types/ws Completed in 40ms
134 silly placeDep ROOT undici-types@6.19.8 OK for: @types/node@22.5.4 want: ~6.19.2
135 timing idealTree:node_modules/@types/node Completed in 2ms
136 timing idealTree:node_modules/@vladfrangu/async_event_emitter Completed in 0ms
137 timing idealTree:node_modules/discord-api-types Completed in 0ms
138 timing idealTree:node_modules/fast-deep-equal Completed in 0ms
139 timing idealTree:node_modules/lodash Completed in 0ms
140 timing idealTree:node_modules/lodash.snakecase Completed in 0ms
141 timing idealTree:node_modules/magic-bytes.js Completed in 0ms
142 timing idealTree:node_modules/ts-mixer Completed in 0ms
143 timing idealTree:node_modules/tslib Completed in 0ms
144 timing idealTree:node_modules/undici Completed in 0ms
145 timing idealTree:node_modules/undici-types Completed in 0ms
146 timing idealTree:node_modules/ws Completed in 0ms
147 timing idealTree:node_modules/@discordjs/rest/node_modules/@discordjs/collection Completed in 0ms
148 timing idealTree:node_modules/@discordjs/ws/node_modules/@discordjs/collection Completed in 0ms
149 timing idealTree:node_modules/@discordjs/ws/node_modules/discord-api-types Completed in 0ms
150 timing idealTree:buildDeps Completed in 2404ms
151 timing idealTree:fixDepFlags Completed in 1ms
152 timing idealTree Completed in 2427ms
153 timing reify:loadTrees Completed in 2428ms
154 timing reify:diffTrees Completed in 1ms
155 silly reify moves {}
156 timing reify:retireShallow Completed in 1ms
157 timing reify:createSparse Completed in 3ms
158 timing reify:trashOmits Completed in 0ms
159 timing reify:loadBundles Completed in 0ms
160 silly audit bulk request {
160 silly audit   'discord.js': [ '14.16.1' ],
160 silly audit   '@discordjs/builders': [ '1.9.0' ],
160 silly audit   '@discordjs/collection': [ '1.5.3', '2.1.1' ],
160 silly audit   '@discordjs/formatters': [ '0.5.0' ],
160 silly audit   '@discordjs/rest': [ '2.4.0' ],
160 silly audit   '@discordjs/util': [ '1.1.1' ],
160 silly audit   '@discordjs/ws': [ '1.1.1' ],
160 silly audit   '@sapphire/snowflake': [ '3.5.3' ],
160 silly audit   'discord-api-types': [ '0.37.97', '0.37.83' ],
160 silly audit   'fast-deep-equal': [ '3.1.3' ],
160 silly audit   'lodash.snakecase': [ '4.1.1' ],
160 silly audit   tslib: [ '2.7.0' ],
160 silly audit   undici: [ '6.19.8' ],
160 silly audit   '@sapphire/shapeshift': [ '4.0.0' ],
160 silly audit   'ts-mixer': [ '6.0.4' ],
160 silly audit   '@sapphire/async-queue': [ '1.5.3' ],
160 silly audit   '@vladfrangu/async_event_emitter': [ '2.4.6' ],
160 silly audit   'magic-bytes.js': [ '1.10.0' ],
160 silly audit   '@types/ws': [ '8.5.12' ],
160 silly audit   ws: [ '8.18.0' ],
160 silly audit   lodash: [ '4.17.21' ],
160 silly audit   '@types/node': [ '22.5.4' ],
160 silly audit   'undici-types': [ '6.19.8' ]
160 silly audit }
161 silly tarball no local data for undici-types@https://registry.npmjs.org/undici-types/-/undici-types-6.19.8.tgz. Extracting by manifest.
162 silly tarball no local data for @types/node@https://registry.npmjs.org/@types/node/-/node-22.5.4.tgz. Extracting by manifest.
163 silly tarball no local data for lodash@https://registry.npmjs.org/lodash/-/lodash-4.17.21.tgz. Extracting by manifest.
164 silly tarball no local data for ws@https://registry.npmjs.org/ws/-/ws-8.18.0.tgz. Extracting by manifest.
165 silly tarball no local data for @types/ws@https://registry.npmjs.org/@types/ws/-/ws-8.5.12.tgz. Extracting by manifest.
166 silly tarball no local data for magic-bytes.js@https://registry.npmjs.org/magic-bytes.js/-/magic-bytes.js-1.10.0.tgz. Extracting by manifest.
167 silly tarball no local data for @vladfrangu/async_event_emitter@https://registry.npmjs.org/@vladfrangu/async_event_emitter/-/async_event_emitter-2.4.6.tgz. Extracting by manifest.
168 silly tarball no local data for @sapphire/async-queue@https://registry.npmjs.org/@sapphire/async-queue/-/async-queue-1.5.3.tgz. Extracting by manifest.
169 silly tarball no local data for ts-mixer@https://registry.npmjs.org/ts-mixer/-/ts-mixer-6.0.4.tgz. Extracting by manifest.
170 silly tarball no local data for @sapphire/shapeshift@https://registry.npmjs.org/@sapphire/shapeshift/-/shapeshift-4.0.0.tgz. Extracting by manifest.
171 silly tarball no local data for undici@https://registry.npmjs.org/undici/-/undici-6.19.8.tgz. Extracting by manifest.
172 silly tarball no local data for tslib@https://registry.npmjs.org/tslib/-/tslib-2.7.0.tgz. Extracting by manifest.
173 silly tarball no local data for lodash.snakecase@https://registry.npmjs.org/lodash.snakecase/-/lodash.snakecase-4.1.1.tgz. Extracting by manifest.
174 silly tarball no local data for fast-deep-equal@https://registry.npmjs.org/fast-deep-equal/-/fast-deep-equal-3.1.3.tgz. Extracting by manifest.
175 silly tarball no local data for discord-api-types@https://registry.npmjs.org/discord-api-types/-/discord-api-types-0.37.97.tgz. Extracting by manifest.
176 silly tarball no local data for @sapphire/snowflake@https://registry.npmjs.org/@sapphire/snowflake/-/snowflake-3.5.3.tgz. Extracting by manifest.
177 silly tarball no local data for @discordjs/ws@https://registry.npmjs.org/@discordjs/ws/-/ws-1.1.1.tgz. Extracting by manifest.
178 silly tarball no local data for @discordjs/util@https://registry.npmjs.org/@discordjs/util/-/util-1.1.1.tgz. Extracting by manifest.
179 silly tarball no local data for @discordjs/rest@https://registry.npmjs.org/@discordjs/rest/-/rest-2.4.0.tgz. Extracting by manifest.
180 silly tarball no local data for @discordjs/formatters@https://registry.npmjs.org/@discordjs/formatters/-/formatters-0.5.0.tgz. Extracting by manifest.
181 silly tarball no local data for @discordjs/collection@https://registry.npmjs.org/@discordjs/collection/-/collection-1.5.3.tgz. Extracting by manifest.
182 silly tarball no local data for @discordjs/builders@https://registry.npmjs.org/@discordjs/builders/-/builders-1.9.0.tgz. Extracting by manifest.
183 silly tarball no local data for discord.js@https://registry.npmjs.org/discord.js/-/discord.js-14.16.1.tgz. Extracting by manifest.
184 silly tarball no local data for @discordjs/collection@https://registry.npmjs.org/@discordjs/collection/-/collection-2.1.1.tgz. Extracting by manifest.
185 silly tarball no local data for @discordjs/collection@https://registry.npmjs.org/@discordjs/collection/-/collection-2.1.1.tgz. Extracting by manifest.
186 silly tarball no local data for discord-api-types@https://registry.npmjs.org/discord-api-types/-/discord-api-types-0.37.83.tgz. Extracting by manifest.
187 http fetch POST 200 https://registry.npmjs.org/-/npm/v1/security/advisories/bulk 231ms
188 timing auditReport:getReport Completed in 233ms
189 silly audit report {}
190 timing auditReport:init Completed in 0ms
191 timing reify:audit Completed in 235ms
192 http fetch GET 200 https://registry.npmjs.org/@types/ws/-/ws-8.5.12.tgz 332ms (cache miss)
193 timing reifyNode:node_modules/@types/ws Completed in 353ms
194 http fetch GET 200 https://registry.npmjs.org/magic-bytes.js/-/magic-bytes.js-1.10.0.tgz 331ms (cache miss)
195 http fetch GET 200 https://registry.npmjs.org/@sapphire/async-queue/-/async-queue-1.5.3.tgz 333ms (cache miss)
196 http fetch GET 200 https://registry.npmjs.org/fast-deep-equal/-/fast-deep-equal-3.1.3.tgz 329ms (cache miss)
197 timing reifyNode:node_modules/fast-deep-equal Completed in 357ms
198 http fetch GET 200 https://registry.npmjs.org/@discordjs/util/-/util-1.1.1.tgz 320ms (cache miss)
199 http fetch GET 200 https://registry.npmjs.org/lodash.snakecase/-/lodash.snakecase-4.1.1.tgz 340ms (cache miss)
200 timing reifyNode:node_modules/lodash.snakecase Completed in 368ms
201 timing reifyNode:node_modules/@discordjs/util Completed in 369ms
202 http fetch GET 200 https://registry.npmjs.org/@discordjs/formatters/-/formatters-0.5.0.tgz 355ms (cache miss)
203 timing reifyNode:node_modules/@sapphire/async-queue Completed in 405ms
204 http fetch GET 200 https://registry.npmjs.org/@discordjs/collection/-/collection-2.1.1.tgz 356ms (cache miss)
205 timing reifyNode:node_modules/@discordjs/formatters Completed in 431ms
206 timing reifyNode:node_modules/@discordjs/rest/node_modules/@discordjs/collection Completed in 434ms
207 http fetch GET 200 https://registry.npmjs.org/@vladfrangu/async_event_emitter/-/async_event_emitter-2.4.6.tgz 417ms (cache miss)
208 http fetch GET 200 https://registry.npmjs.org/ws/-/ws-8.18.0.tgz 422ms (cache miss)
209 timing reifyNode:node_modules/magic-bytes.js Completed in 443ms
210 http fetch GET 200 https://registry.npmjs.org/tslib/-/tslib-2.7.0.tgz 416ms (cache miss)
211 timing reifyNode:node_modules/tslib Completed in 443ms
212 timing reifyNode:node_modules/@vladfrangu/async_event_emitter Completed in 449ms
213 timing reifyNode:node_modules/ws Completed in 452ms
214 http fetch GET 200 https://registry.npmjs.org/@sapphire/snowflake/-/snowflake-3.5.3.tgz 441ms (cache miss)
215 timing reifyNode:node_modules/@sapphire/snowflake Completed in 484ms
216 http fetch GET 200 https://registry.npmjs.org/@discordjs/collection/-/collection-2.1.1.tgz 445ms (cache miss)
217 timing reifyNode:node_modules/@discordjs/ws/node_modules/@discordjs/collection Completed in 494ms
218 http fetch GET 200 https://registry.npmjs.org/undici-types/-/undici-types-6.19.8.tgz 485ms (cache miss)
219 http fetch GET 200 https://registry.npmjs.org/ts-mixer/-/ts-mixer-6.0.4.tgz 484ms (cache miss)
220 timing reifyNode:node_modules/ts-mixer Completed in 508ms
221 timing reifyNode:node_modules/undici-types Completed in 510ms
222 http fetch GET 200 https://registry.npmjs.org/@discordjs/builders/-/builders-1.9.0.tgz 489ms (cache miss)
223 http fetch GET 200 https://registry.npmjs.org/@discordjs/ws/-/ws-1.1.1.tgz 494ms (cache miss)
224 timing reifyNode:node_modules/@discordjs/builders Completed in 539ms
225 timing reifyNode:node_modules/@discordjs/ws Completed in 542ms
226 http fetch GET 200 https://registry.npmjs.org/@discordjs/rest/-/rest-2.4.0.tgz 543ms (cache miss)
227 timing reifyNode:node_modules/@discordjs/rest Completed in 591ms
228 http fetch GET 200 https://registry.npmjs.org/@discordjs/collection/-/collection-1.5.3.tgz 674ms (cache miss)
229 timing reifyNode:node_modules/@discordjs/collection Completed in 735ms
230 http fetch GET 200 https://registry.npmjs.org/@sapphire/shapeshift/-/shapeshift-4.0.0.tgz 916ms (cache miss)
231 timing reifyNode:node_modules/@sapphire/shapeshift Completed in 944ms
232 http fetch GET 200 https://registry.npmjs.org/@types/node/-/node-22.5.4.tgz 944ms (cache miss)
233 timing reifyNode:node_modules/@types/node Completed in 973ms
234 http fetch GET 200 https://registry.npmjs.org/undici/-/undici-6.19.8.tgz 1080ms (cache miss)
235 timing reifyNode:node_modules/undici Completed in 1110ms
236 http fetch GET 200 https://registry.npmjs.org/discord.js/-/discord.js-14.16.1.tgz 1303ms (cache miss)
237 timing reifyNode:node_modules/discord.js Completed in 1352ms
238 http fetch GET 200 https://registry.npmjs.org/lodash/-/lodash-4.17.21.tgz 1818ms (cache miss)
239 timing reifyNode:node_modules/lodash Completed in 1838ms
240 http fetch GET 200 https://registry.npmjs.org/discord-api-types/-/discord-api-types-0.37.97.tgz 1850ms (cache miss)
241 timing reifyNode:node_modules/discord-api-types Completed in 1891ms
242 http fetch GET 200 https://registry.npmjs.org/discord-api-types/-/discord-api-types-0.37.83.tgz 1847ms (cache miss)
243 timing reifyNode:node_modules/@discordjs/ws/node_modules/discord-api-types Completed in 1899ms
244 timing reify:unpack Completed in 1901ms
245 timing reify:unretire Completed in 0ms
246 timing build:queue Completed in 1ms
247 timing build:deps Completed in 2ms
248 timing build Completed in 2ms
249 timing reify:build Completed in 3ms
250 timing reify:trash Completed in 0ms
251 timing reify:save Completed in 12ms
252 timing reify Completed in 4416ms
253 silly ADD node_modules/undici-types
254 silly ADD node_modules/@types/node
255 silly ADD node_modules/lodash
256 silly ADD node_modules/ws
257 silly ADD node_modules/@types/ws
258 silly ADD node_modules/magic-bytes.js
259 silly ADD node_modules/@vladfrangu/async_event_emitter
260 silly ADD node_modules/@sapphire/async-queue
261 silly ADD node_modules/ts-mixer
262 silly ADD node_modules/@sapphire/shapeshift
263 silly ADD node_modules/undici
264 silly ADD node_modules/tslib
265 silly ADD node_modules/lodash.snakecase
266 silly ADD node_modules/fast-deep-equal
267 silly ADD node_modules/discord-api-types
268 silly ADD node_modules/@sapphire/snowflake
269 silly ADD node_modules/@discordjs/ws
270 silly ADD node_modules/@discordjs/ws/node_modules/discord-api-types
271 silly ADD node_modules/@discordjs/ws/node_modules/@discordjs/collection
272 silly ADD node_modules/@discordjs/util
273 silly ADD node_modules/@discordjs/rest
274 silly ADD node_modules/@discordjs/rest/node_modules/@discordjs/collection
275 silly ADD node_modules/@discordjs/formatters
276 silly ADD node_modules/@discordjs/collection
277 silly ADD node_modules/@discordjs/builders
278 silly ADD node_modules/discord.js
279 timing command:install Completed in 4425ms
280 notice
280 notice New [31mmajor[39m version of npm available! [31m9.6.7[39m -> [32m10.8.3[39m
280 notice Changelog: [36mhttps://github.com/npm/cli/releases/tag/v10.8.3[39m
280 notice Run [32mnpm install -g npm@10.8.3[39m to update!
280 notice
281 verbose exit 0
282 timing npm Completed in 4656ms
283 info ok
